<?xml version="1.0" encoding="UTF-8"?>
<coverage generated="1727832201438" clover="3.2.0">
  <project timestamp="1727832201438" name="All files">
    <metrics statements="66" coveredstatements="66" conditionals="32" coveredconditionals="30" methods="25" coveredmethods="25" elements="123" coveredelements="121" complexity="0" loc="66" ncloc="66" packages="1" files="5" classes="5"/>
    <file name="01_return.js" path="/home/cbthrive/NAACE/Basic_JS_Exercisess/practice/01_return.js">
      <metrics statements="6" coveredstatements="6" conditionals="0" coveredconditionals="0" methods="5" coveredmethods="5"/>
      <line num="5" count="1" type="stmt"/>
      <line num="11" count="2" type="stmt"/>
      <line num="17" count="2" type="stmt"/>
      <line num="23" count="2" type="stmt"/>
      <line num="29" count="2" type="stmt"/>
      <line num="33" count="1" type="stmt"/>
    </file>
    <file name="02_function_parameters.js" path="/home/cbthrive/NAACE/Basic_JS_Exercisess/practice/02_function_parameters.js">
      <metrics statements="5" coveredstatements="5" conditionals="0" coveredconditionals="0" methods="4" coveredmethods="4"/>
      <line num="5" count="3" type="stmt"/>
      <line num="11" count="3" type="stmt"/>
      <line num="17" count="2" type="stmt"/>
      <line num="23" count="2" type="stmt"/>
      <line num="28" count="1" type="stmt"/>
    </file>
    <file name="03_if_statements.js" path="/home/cbthrive/NAACE/Basic_JS_Exercisess/practice/03_if_statements.js">
      <metrics statements="18" coveredstatements="18" conditionals="26" coveredconditionals="24" methods="4" coveredmethods="4"/>
      <line num="8" count="4" type="cond" truecount="2" falsecount="0"/>
      <line num="9" count="2" type="stmt"/>
      <line num="12" count="2" type="stmt"/>
      <line num="21" count="4" type="cond" truecount="2" falsecount="0"/>
      <line num="22" count="2" type="stmt"/>
      <line num="25" count="2" type="stmt"/>
      <line num="37" count="8" type="cond" truecount="2" falsecount="0"/>
      <line num="38" count="2" type="stmt"/>
      <line num="40" count="6" type="cond" truecount="2" falsecount="0"/>
      <line num="41" count="1" type="stmt"/>
      <line num="43" count="5" type="cond" truecount="4" falsecount="0"/>
      <line num="44" count="2" type="stmt"/>
      <line num="46" count="3" type="cond" truecount="1" falsecount="1"/>
      <line num="47" count="3" type="stmt"/>
      <line num="57" count="7" type="cond" truecount="2" falsecount="0"/>
      <line num="60" count="6" type="cond" truecount="4" falsecount="0"/>
      <line num="62" count="4" type="cond" truecount="5" falsecount="1"/>
      <line num="70" count="1" type="stmt"/>
    </file>
    <file name="04_variables.js" path="/home/cbthrive/NAACE/Basic_JS_Exercisess/practice/04_variables.js">
      <metrics statements="5" coveredstatements="5" conditionals="0" coveredconditionals="0" methods="1" coveredmethods="1"/>
      <line num="2" count="1" type="stmt"/>
      <line num="16" count="1" type="stmt"/>
      <line num="18" count="1" type="stmt"/>
      <line num="32" count="1" type="stmt"/>
      <line num="43" count="1" type="stmt"/>
    </file>
    <file name="05_arrays_and_loops.js" path="/home/cbthrive/NAACE/Basic_JS_Exercisess/practice/05_arrays_and_loops.js">
      <metrics statements="32" coveredstatements="32" conditionals="6" coveredconditionals="6" methods="11" coveredmethods="11"/>
      <line num="7" count="3" type="stmt"/>
      <line num="15" count="3" type="stmt"/>
      <line num="24" count="3" type="stmt"/>
      <line num="32" count="2" type="stmt"/>
      <line num="33" count="2" type="stmt"/>
      <line num="34" count="15" type="stmt"/>
      <line num="39" count="2" type="stmt"/>
      <line num="46" count="2" type="stmt"/>
      <line num="47" count="2" type="stmt"/>
      <line num="48" count="13" type="cond" truecount="2" falsecount="0"/>
      <line num="51" count="2" type="stmt"/>
      <line num="58" count="2" type="stmt"/>
      <line num="59" count="15" type="stmt"/>
      <line num="60" count="2" type="stmt"/>
      <line num="67" count="2" type="stmt"/>
      <line num="68" count="2" type="stmt"/>
      <line num="69" count="15" type="cond" truecount="2" falsecount="0"/>
      <line num="71" count="2" type="stmt"/>
      <line num="78" count="2" type="stmt"/>
      <line num="79" count="2" type="stmt"/>
      <line num="80" count="2" type="stmt"/>
      <line num="81" count="15" type="stmt"/>
      <line num="82" count="15" type="stmt"/>
      <line num="84" count="2" type="stmt"/>
      <line num="91" count="2" type="stmt"/>
      <line num="92" count="2" type="stmt"/>
      <line num="93" count="2" type="stmt"/>
      <line num="94" count="13" type="cond" truecount="2" falsecount="0"/>
      <line num="95" count="6" type="stmt"/>
      <line num="97" count="13" type="stmt"/>
      <line num="99" count="2" type="stmt"/>
      <line num="103" count="1" type="stmt"/>
    </file>
  </project>
</coverage>
