{"/home/cbthrive/NAACE/Basic_JS_Exercisess/practice/01_return.js": {"path":"/home/cbthrive/NAACE/Basic_JS_Exercisess/practice/01_return.js","statementMap":{"0":{"start":{"line":5,"column":4},"end":{"line":5,"column":24}},"1":{"start":{"line":11,"column":4},"end":{"line":11,"column":14}},"2":{"start":{"line":17,"column":4},"end":{"line":17,"column":26}},"3":{"start":{"line":23,"column":4},"end":{"line":23,"column":14}},"4":{"start":{"line":29,"column":4},"end":{"line":29,"column":14}},"5":{"start":{"line":33,"column":0},"end":{"line":33,"column":57}}},"fnMap":{"0":{"name":"hello","decl":{"start":{"line":4,"column":9},"end":{"line":4,"column":14}},"loc":{"start":{"line":4,"column":16},"end":{"line":6,"column":1}},"line":4},"1":{"name":"sum","decl":{"start":{"line":10,"column":9},"end":{"line":10,"column":12}},"loc":{"start":{"line":10,"column":18},"end":{"line":12,"column":1}},"line":10},"2":{"name":"helloPerson","decl":{"start":{"line":16,"column":9},"end":{"line":16,"column":20}},"loc":{"start":{"line":16,"column":26},"end":{"line":18,"column":1}},"line":16},"3":{"name":"minus","decl":{"start":{"line":22,"column":9},"end":{"line":22,"column":14}},"loc":{"start":{"line":22,"column":20},"end":{"line":24,"column":1}},"line":22},"4":{"name":"divide","decl":{"start":{"line":28,"column":9},"end":{"line":28,"column":15}},"loc":{"start":{"line":28,"column":21},"end":{"line":30,"column":1}},"line":28}},"branchMap":{},"s":{"0":1,"1":2,"2":2,"3":2,"4":2,"5":1},"f":{"0":1,"1":2,"2":2,"3":2,"4":2},"b":{},"_coverageSchema":"1a1c01bbd47fc00a2c39e90264f33305004495a9","hash":"69ea3952028fe62ea9aea3d7ebc373470952dc88"}
,"/home/cbthrive/NAACE/Basic_JS_Exercisess/practice/02_function_parameters.js": {"path":"/home/cbthrive/NAACE/Basic_JS_Exercisess/practice/02_function_parameters.js","statementMap":{"0":{"start":{"line":5,"column":4},"end":{"line":5,"column":18}},"1":{"start":{"line":11,"column":4},"end":{"line":11,"column":17}},"2":{"start":{"line":17,"column":4},"end":{"line":17,"column":30}},"3":{"start":{"line":23,"column":4},"end":{"line":23,"column":18}},"4":{"start":{"line":28,"column":0},"end":{"line":28,"column":49}}},"fnMap":{"0":{"name":"double","decl":{"start":{"line":4,"column":9},"end":{"line":4,"column":15}},"loc":{"start":{"line":4,"column":20},"end":{"line":6,"column":1}},"line":4},"1":{"name":"multiply","decl":{"start":{"line":10,"column":9},"end":{"line":10,"column":17}},"loc":{"start":{"line":10,"column":23},"end":{"line":12,"column":1}},"line":10},"2":{"name":"shout","decl":{"start":{"line":16,"column":9},"end":{"line":16,"column":14}},"loc":{"start":{"line":16,"column":20},"end":{"line":18,"column":1}},"line":16},"3":{"name":"first","decl":{"start":{"line":22,"column":9},"end":{"line":22,"column":14}},"loc":{"start":{"line":22,"column":19},"end":{"line":24,"column":1}},"line":22}},"branchMap":{},"s":{"0":3,"1":3,"2":2,"3":2,"4":1},"f":{"0":3,"1":3,"2":2,"3":2},"b":{},"_coverageSchema":"1a1c01bbd47fc00a2c39e90264f33305004495a9","hash":"a2207b30a353b5c3d3d315b12684f7cba818c873"}
,"/home/cbthrive/NAACE/Basic_JS_Exercisess/practice/03_if_statements.js": {"path":"/home/cbthrive/NAACE/Basic_JS_Exercisess/practice/03_if_statements.js","statementMap":{"0":{"start":{"line":8,"column":4},"end":{"line":14,"column":5}},"1":{"start":{"line":9,"column":8},"end":{"line":9,"column":21}},"2":{"start":{"line":12,"column":8},"end":{"line":12,"column":22}},"3":{"start":{"line":21,"column":4},"end":{"line":27,"column":5}},"4":{"start":{"line":22,"column":8},"end":{"line":22,"column":25}},"5":{"start":{"line":25,"column":8},"end":{"line":25,"column":27}},"6":{"start":{"line":37,"column":4},"end":{"line":39,"column":5}},"7":{"start":{"line":38,"column":8},"end":{"line":38,"column":27}},"8":{"start":{"line":40,"column":4},"end":{"line":42,"column":5}},"9":{"start":{"line":41,"column":8},"end":{"line":41,"column":32}},"10":{"start":{"line":43,"column":4},"end":{"line":45,"column":5}},"11":{"start":{"line":44,"column":8},"end":{"line":44,"column":37}},"12":{"start":{"line":46,"column":3},"end":{"line":48,"column":4}},"13":{"start":{"line":47,"column":5},"end":{"line":47,"column":31}},"14":{"start":{"line":57,"column":4},"end":{"line":63,"column":5}},"15":{"start":{"line":57,"column":25},"end":{"line":57,"column":48}},"16":{"start":{"line":60,"column":9},"end":{"line":63,"column":5}},"17":{"start":{"line":60,"column":50},"end":{"line":60,"column":66}},"18":{"start":{"line":62,"column":10},"end":{"line":63,"column":5}},"19":{"start":{"line":62,"column":91},"end":{"line":62,"column":107}},"20":{"start":{"line":70,"column":0},"end":{"line":70,"column":52}}},"fnMap":{"0":{"name":"canDrink","decl":{"start":{"line":7,"column":9},"end":{"line":7,"column":17}},"loc":{"start":{"line":7,"column":22},"end":{"line":15,"column":1}},"line":7},"1":{"name":"canVote","decl":{"start":{"line":20,"column":9},"end":{"line":20,"column":16}},"loc":{"start":{"line":20,"column":21},"end":{"line":29,"column":1}},"line":20},"2":{"name":"canDrive","decl":{"start":{"line":36,"column":9},"end":{"line":36,"column":17}},"loc":{"start":{"line":36,"column":22},"end":{"line":49,"column":1}},"line":36},"3":{"name":"week","decl":{"start":{"line":55,"column":9},"end":{"line":55,"column":13}},"loc":{"start":{"line":55,"column":18},"end":{"line":64,"column":1}},"line":55}},"branchMap":{"0":{"loc":{"start":{"line":8,"column":4},"end":{"line":14,"column":5}},"type":"if","locations":[{"start":{"line":8,"column":4},"end":{"line":14,"column":5}},{"start":{"line":11,"column":11},"end":{"line":14,"column":5}}],"line":8},"1":{"loc":{"start":{"line":21,"column":4},"end":{"line":27,"column":5}},"type":"if","locations":[{"start":{"line":21,"column":4},"end":{"line":27,"column":5}},{"start":{"line":24,"column":11},"end":{"line":27,"column":5}}],"line":21},"2":{"loc":{"start":{"line":37,"column":4},"end":{"line":39,"column":5}},"type":"if","locations":[{"start":{"line":37,"column":4},"end":{"line":39,"column":5}},{"start":{},"end":{}}],"line":37},"3":{"loc":{"start":{"line":40,"column":4},"end":{"line":42,"column":5}},"type":"if","locations":[{"start":{"line":40,"column":4},"end":{"line":42,"column":5}},{"start":{},"end":{}}],"line":40},"4":{"loc":{"start":{"line":43,"column":4},"end":{"line":45,"column":5}},"type":"if","locations":[{"start":{"line":43,"column":4},"end":{"line":45,"column":5}},{"start":{},"end":{}}],"line":43},"5":{"loc":{"start":{"line":43,"column":8},"end":{"line":43,"column":28}},"type":"binary-expr","locations":[{"start":{"line":43,"column":8},"end":{"line":43,"column":17}},{"start":{"line":43,"column":20},"end":{"line":43,"column":28}}],"line":43},"6":{"loc":{"start":{"line":46,"column":3},"end":{"line":48,"column":4}},"type":"if","locations":[{"start":{"line":46,"column":3},"end":{"line":48,"column":4}},{"start":{},"end":{}}],"line":46},"7":{"loc":{"start":{"line":57,"column":4},"end":{"line":63,"column":5}},"type":"if","locations":[{"start":{"line":57,"column":4},"end":{"line":63,"column":5}},{"start":{"line":60,"column":9},"end":{"line":63,"column":5}}],"line":57},"8":{"loc":{"start":{"line":60,"column":9},"end":{"line":63,"column":5}},"type":"if","locations":[{"start":{"line":60,"column":9},"end":{"line":63,"column":5}},{"start":{"line":62,"column":10},"end":{"line":63,"column":5}}],"line":60},"9":{"loc":{"start":{"line":60,"column":13},"end":{"line":60,"column":47}},"type":"binary-expr","locations":[{"start":{"line":60,"column":13},"end":{"line":60,"column":29}},{"start":{"line":60,"column":33},"end":{"line":60,"column":47}}],"line":60},"10":{"loc":{"start":{"line":62,"column":10},"end":{"line":63,"column":5}},"type":"if","locations":[{"start":{"line":62,"column":10},"end":{"line":63,"column":5}},{"start":{},"end":{}}],"line":62},"11":{"loc":{"start":{"line":62,"column":14},"end":{"line":62,"column":88}},"type":"binary-expr","locations":[{"start":{"line":62,"column":14},"end":{"line":62,"column":28}},{"start":{"line":62,"column":32},"end":{"line":62,"column":47}},{"start":{"line":62,"column":51},"end":{"line":62,"column":68}},{"start":{"line":62,"column":72},"end":{"line":62,"column":88}}],"line":62}},"s":{"0":4,"1":2,"2":2,"3":4,"4":2,"5":2,"6":8,"7":2,"8":6,"9":1,"10":5,"11":2,"12":3,"13":3,"14":7,"15":1,"16":6,"17":2,"18":4,"19":4,"20":1},"f":{"0":4,"1":4,"2":8,"3":7},"b":{"0":[2,2],"1":[2,2],"2":[2,6],"3":[1,5],"4":[2,3],"5":[5,4],"6":[3,0],"7":[1,6],"8":[2,4],"9":[6,5],"10":[4,0],"11":[4,3,2,1]},"_coverageSchema":"1a1c01bbd47fc00a2c39e90264f33305004495a9","hash":"3fc2a75b6a14361742b0e66366b7423c8f306f2e"}
,"/home/cbthrive/NAACE/Basic_JS_Exercisess/practice/04_variables.js": {"path":"/home/cbthrive/NAACE/Basic_JS_Exercisess/practice/04_variables.js","statementMap":{"0":{"start":{"line":2,"column":13},"end":{"line":2,"column":15}},"1":{"start":{"line":16,"column":16},"end":{"line":16,"column":22}},"2":{"start":{"line":18,"column":4},"end":{"line":18,"column":15}},"3":{"start":{"line":32,"column":16},"end":{"line":32,"column":27}},"4":{"start":{"line":43,"column":0},"end":{"line":43,"column":45}}},"fnMap":{"0":{"name":"getName","decl":{"start":{"line":15,"column":9},"end":{"line":15,"column":16}},"loc":{"start":{"line":15,"column":18},"end":{"line":21,"column":1}},"line":15}},"branchMap":{},"s":{"0":1,"1":1,"2":1,"3":1,"4":1},"f":{"0":1},"b":{},"_coverageSchema":"1a1c01bbd47fc00a2c39e90264f33305004495a9","hash":"8caf6c0903d671de058a944d0fabd5eb9f11bf6d"}
,"/home/cbthrive/NAACE/Basic_JS_Exercisess/practice/05_arrays_and_loops.js": {"path":"/home/cbthrive/NAACE/Basic_JS_Exercisess/practice/05_arrays_and_loops.js","statementMap":{"0":{"start":{"line":7,"column":4},"end":{"line":7,"column":17}},"1":{"start":{"line":15,"column":4},"end":{"line":15,"column":22}},"2":{"start":{"line":24,"column":4},"end":{"line":24,"column":31}},"3":{"start":{"line":32,"column":14},"end":{"line":32,"column":15}},"4":{"start":{"line":33,"column":4},"end":{"line":37,"column":5}},"5":{"start":{"line":34,"column":10},"end":{"line":34,"column":24}},"6":{"start":{"line":39,"column":4},"end":{"line":39,"column":14}},"7":{"start":{"line":46,"column":18},"end":{"line":46,"column":19}},"8":{"start":{"line":47,"column":4},"end":{"line":49,"column":5}},"9":{"start":{"line":48,"column":5},"end":{"line":48,"column":44}},"10":{"start":{"line":48,"column":27},"end":{"line":48,"column":43}},"11":{"start":{"line":51,"column":4},"end":{"line":51,"column":18}},"12":{"start":{"line":58,"column":14},"end":{"line":58,"column":15}},"13":{"start":{"line":59,"column":3},"end":{"line":59,"column":42}},"14":{"start":{"line":59,"column":26},"end":{"line":59,"column":39}},"15":{"start":{"line":60,"column":3},"end":{"line":60,"column":13}},"16":{"start":{"line":67,"column":18},"end":{"line":67,"column":19}},"17":{"start":{"line":68,"column":4},"end":{"line":70,"column":6}},"18":{"start":{"line":69,"column":8},"end":{"line":69,"column":48}},"19":{"start":{"line":69,"column":30},"end":{"line":69,"column":47}},"20":{"start":{"line":71,"column":2},"end":{"line":71,"column":16}},"21":{"start":{"line":78,"column":14},"end":{"line":78,"column":15}},"22":{"start":{"line":79,"column":12},"end":{"line":79,"column":13}},"23":{"start":{"line":80,"column":4},"end":{"line":83,"column":5}},"24":{"start":{"line":81,"column":8},"end":{"line":81,"column":22}},"25":{"start":{"line":82,"column":8},"end":{"line":82,"column":12}},"26":{"start":{"line":84,"column":2},"end":{"line":84,"column":12}},"27":{"start":{"line":91,"column":18},"end":{"line":91,"column":19}},"28":{"start":{"line":92,"column":12},"end":{"line":92,"column":13}},"29":{"start":{"line":93,"column":4},"end":{"line":98,"column":5}},"30":{"start":{"line":94,"column":8},"end":{"line":96,"column":9}},"31":{"start":{"line":95,"column":12},"end":{"line":95,"column":29}},"32":{"start":{"line":97,"column":8},"end":{"line":97,"column":12}},"33":{"start":{"line":99,"column":4},"end":{"line":99,"column":18}},"34":{"start":{"line":103,"column":0},"end":{"line":103,"column":135}}},"fnMap":{"0":{"name":"first","decl":{"start":{"line":6,"column":9},"end":{"line":6,"column":14}},"loc":{"start":{"line":6,"column":19},"end":{"line":9,"column":1}},"line":6},"1":{"name":"howMany","decl":{"start":{"line":14,"column":9},"end":{"line":14,"column":16}},"loc":{"start":{"line":14,"column":21},"end":{"line":17,"column":1}},"line":14},"2":{"name":"last","decl":{"start":{"line":23,"column":9},"end":{"line":23,"column":13}},"loc":{"start":{"line":23,"column":18},"end":{"line":26,"column":1}},"line":23},"3":{"name":"forLoopSum","decl":{"start":{"line":31,"column":9},"end":{"line":31,"column":19}},"loc":{"start":{"line":31,"column":24},"end":{"line":40,"column":1}},"line":31},"4":{"name":"forLoopHighest","decl":{"start":{"line":45,"column":9},"end":{"line":45,"column":23}},"loc":{"start":{"line":45,"column":28},"end":{"line":52,"column":1}},"line":45},"5":{"name":"forEachLoopSum","decl":{"start":{"line":57,"column":9},"end":{"line":57,"column":23}},"loc":{"start":{"line":57,"column":28},"end":{"line":61,"column":1}},"line":57},"6":{"name":"(anonymous_6)","decl":{"start":{"line":59,"column":15},"end":{"line":59,"column":16}},"loc":{"start":{"line":59,"column":25},"end":{"line":59,"column":40}},"line":59},"7":{"name":"forEachLoopHighest","decl":{"start":{"line":66,"column":9},"end":{"line":66,"column":27}},"loc":{"start":{"line":66,"column":32},"end":{"line":72,"column":1}},"line":66},"8":{"name":"(anonymous_8)","decl":{"start":{"line":68,"column":16},"end":{"line":68,"column":17}},"loc":{"start":{"line":68,"column":27},"end":{"line":70,"column":5}},"line":68},"9":{"name":"whileLoopSum","decl":{"start":{"line":77,"column":9},"end":{"line":77,"column":21}},"loc":{"start":{"line":77,"column":27},"end":{"line":85,"column":1}},"line":77},"10":{"name":"whileLoopHighest","decl":{"start":{"line":90,"column":9},"end":{"line":90,"column":25}},"loc":{"start":{"line":90,"column":30},"end":{"line":100,"column":1}},"line":90}},"branchMap":{"0":{"loc":{"start":{"line":48,"column":5},"end":{"line":48,"column":44}},"type":"if","locations":[{"start":{"line":48,"column":5},"end":{"line":48,"column":44}},{"start":{},"end":{}}],"line":48},"1":{"loc":{"start":{"line":69,"column":8},"end":{"line":69,"column":48}},"type":"if","locations":[{"start":{"line":69,"column":8},"end":{"line":69,"column":48}},{"start":{},"end":{}}],"line":69},"2":{"loc":{"start":{"line":94,"column":8},"end":{"line":96,"column":9}},"type":"if","locations":[{"start":{"line":94,"column":8},"end":{"line":96,"column":9}},{"start":{},"end":{}}],"line":94}},"s":{"0":3,"1":3,"2":3,"3":2,"4":2,"5":15,"6":2,"7":2,"8":2,"9":13,"10":6,"11":2,"12":2,"13":2,"14":15,"15":2,"16":2,"17":2,"18":15,"19":7,"20":2,"21":2,"22":2,"23":2,"24":15,"25":15,"26":2,"27":2,"28":2,"29":2,"30":13,"31":6,"32":13,"33":2,"34":1},"f":{"0":3,"1":3,"2":3,"3":2,"4":2,"5":2,"6":15,"7":2,"8":15,"9":2,"10":2},"b":{"0":[6,7],"1":[7,8],"2":[6,7]},"_coverageSchema":"1a1c01bbd47fc00a2c39e90264f33305004495a9","hash":"be8e82f10305f0630f4c94223ad99296de897822"}
}
