TN:
SF:practice/01_return.js
FN:4,hello
FN:10,sum
FN:16,helloPerson
FN:22,minus
FN:28,divide
FNF:5
FNH:5
FNDA:1,hello
FNDA:2,sum
FNDA:2,helloPerson
FNDA:2,minus
FNDA:2,divide
DA:5,1
DA:11,2
DA:17,2
DA:23,2
DA:29,2
DA:33,1
LF:6
LH:6
BRF:0
BRH:0
end_of_record
TN:
SF:practice/02_function_parameters.js
FN:4,double
FN:10,multiply
FN:16,shout
FN:22,first
FNF:4
FNH:4
FNDA:3,double
FNDA:3,multiply
FNDA:2,shout
FNDA:2,first
DA:5,3
DA:11,3
DA:17,2
DA:23,2
DA:28,1
LF:5
LH:5
BRF:0
BRH:0
end_of_record
TN:
SF:practice/03_if_statements.js
FN:7,canDrink
FN:20,canVote
FN:36,canDrive
FN:55,week
FNF:4
FNH:4
FNDA:4,canDrink
FNDA:4,canVote
FNDA:8,canDrive
FNDA:7,week
DA:8,4
DA:9,2
DA:12,2
DA:21,4
DA:22,2
DA:25,2
DA:37,8
DA:38,2
DA:40,6
DA:41,1
DA:43,5
DA:44,2
DA:46,3
DA:47,3
DA:57,7
DA:60,6
DA:62,4
DA:70,1
LF:18
LH:18
BRDA:8,0,0,2
BRDA:8,0,1,2
BRDA:21,1,0,2
BRDA:21,1,1,2
BRDA:37,2,0,2
BRDA:37,2,1,6
BRDA:40,3,0,1
BRDA:40,3,1,5
BRDA:43,4,0,2
BRDA:43,4,1,3
BRDA:43,5,0,5
BRDA:43,5,1,4
BRDA:46,6,0,3
BRDA:46,6,1,0
BRDA:57,7,0,1
BRDA:57,7,1,6
BRDA:60,8,0,2
BRDA:60,8,1,4
BRDA:60,9,0,6
BRDA:60,9,1,5
BRDA:62,10,0,4
BRDA:62,10,1,0
BRDA:62,11,0,4
BRDA:62,11,1,3
BRDA:62,11,2,2
BRDA:62,11,3,1
BRF:26
BRH:24
end_of_record
TN:
SF:practice/04_variables.js
FN:15,getName
FNF:1
FNH:1
FNDA:1,getName
DA:2,1
DA:16,1
DA:18,1
DA:32,1
DA:43,1
LF:5
LH:5
BRF:0
BRH:0
end_of_record
TN:
SF:practice/05_arrays_and_loops.js
FN:6,first
FN:14,howMany
FN:23,last
FN:31,forLoopSum
FN:45,forLoopHighest
FN:57,forEachLoopSum
FN:59,(anonymous_6)
FN:66,forEachLoopHighest
FN:68,(anonymous_8)
FN:77,whileLoopSum
FN:90,whileLoopHighest
FNF:11
FNH:11
FNDA:3,first
FNDA:3,howMany
FNDA:3,last
FNDA:2,forLoopSum
FNDA:2,forLoopHighest
FNDA:2,forEachLoopSum
FNDA:15,(anonymous_6)
FNDA:2,forEachLoopHighest
FNDA:15,(anonymous_8)
FNDA:2,whileLoopSum
FNDA:2,whileLoopHighest
DA:7,3
DA:15,3
DA:24,3
DA:32,2
DA:33,2
DA:34,15
DA:39,2
DA:46,2
DA:47,2
DA:48,13
DA:51,2
DA:58,2
DA:59,15
DA:60,2
DA:67,2
DA:68,2
DA:69,15
DA:71,2
DA:78,2
DA:79,2
DA:80,2
DA:81,15
DA:82,15
DA:84,2
DA:91,2
DA:92,2
DA:93,2
DA:94,13
DA:95,6
DA:97,13
DA:99,2
DA:103,1
LF:32
LH:32
BRDA:48,0,0,6
BRDA:48,0,1,7
BRDA:69,1,0,7
BRDA:69,1,1,8
BRDA:94,2,0,6
BRDA:94,2,1,7
BRF:6
BRH:6
end_of_record
